Using pre-set license
Built from '2020.2/release' branch; Version is '2020.2.1f1 (270dd8c3da1c) revision 2559448'; Using compiler version '192528614'; Build Type 'Release'
OS: 'Windows 10  (10.0.0) 64bit' Language: 'en' Physical Memory: 32699 MB
BatchMode: 1, IsHumanControllingUs: 0, StartBugReporterOnCrash: 0, Is64bit: 1, IsPro: 0

 COMMAND LINE ARGUMENTS:
C:\Program Files\Unity\Hub\Editor\2020.2.1f1\Editor\Unity.exe
-adb2
-batchMode
-noUpm
-name
AssetImportWorker0
-projectPath
D:/2021 [Work]/PedestrianDynamics
-logFile
Logs/AssetImportWorker0.log
-srvPort
49838
Successfully changed project path to: D:/2021 [Work]/PedestrianDynamics
D:/2021 [Work]/PedestrianDynamics
Using Asset Import Pipeline V2.
Refreshing native plugins compatible for Editor in 26.91 ms, found 10 plugins.
Preloading 0 native plugins for Editor in 0.00 ms.
Initialize engine version: 2020.2.1f1 (270dd8c3da1c)
[Subsystems] Discovering subsystems at path C:/Program Files/Unity/Hub/Editor/2020.2.1f1/Editor/Data/Resources/UnitySubsystems
[Subsystems] Discovering subsystems at path D:/2021 [Work]/PedestrianDynamics/Assets
GfxDevice: creating device client; threaded=0
Direct3D:
    Version:  Direct3D 11.0 [level 11.1]
    Renderer: NVIDIA GeForce RTX 2070 SUPER (ID=0x1e84)
    Vendor:   
    VRAM:     8011 MB
    Driver:   26.21.14.4587
Initialize mono
Mono path[0] = 'C:/Program Files/Unity/Hub/Editor/2020.2.1f1/Editor/Data/Managed'
Mono path[1] = 'C:/Program Files/Unity/Hub/Editor/2020.2.1f1/Editor/Data/MonoBleedingEdge/lib/mono/unityjit'
Mono config path = 'C:/Program Files/Unity/Hub/Editor/2020.2.1f1/Editor/Data/MonoBleedingEdge/etc'
Using monoOptions --debugger-agent=transport=dt_socket,embedding=1,server=y,suspend=n,address=127.0.0.1:56340
Begin MonoManager ReloadAssembly
Registering precompiled unity dll's ...
Register platform support module: C:/Program Files/Unity/Hub/Editor/2020.2.1f1/Editor/Data/PlaybackEngines/WindowsStandaloneSupport/UnityEditor.WindowsStandalone.Extensions.dll
Registered in 0.002638 seconds.
Native extension for WindowsStandalone target not found
Refreshing native plugins compatible for Editor in 27.57 ms, found 10 plugins.
Preloading 0 native plugins for Editor in 0.00 ms.
Invoked RoslynAnalysisRunner static constructor.
RoslynAnalysisRunner will not be running.
RoslynAnalysisRunner has terminated.
Mono: successfully reloaded assembly
- Completed reload, in  4.200 seconds
Platform modules already initialized, skipping
Registering precompiled user dll's ...
Registered in 0.004467 seconds.
Begin MonoManager ReloadAssembly
Native extension for WindowsStandalone target not found
Refreshing native plugins compatible for Editor in 0.39 ms, found 10 plugins.
Preloading 0 native plugins for Editor in 0.00 ms.
[Log] Successfully initialized Unity environment for Kinect!
UnityEngine.StackTraceUtility:ExtractStackTrace ()
UnityEngine.DebugLogHandler:LogFormat (UnityEngine.LogType,UnityEngine.Object,string,object[])
UnityEngine.Logger:Log (UnityEngine.LogType,object)
UnityEngine.Debug:Log (object)
Debug:Log (object,DLogType) (at Assets/UnityFileDebug/Lib/Logger/Scripts/DebugWrapper.cs:56)
LightBuzz.Kinect4Azure.UnityEnvironment:.cctor () (at Assets/LightBuzz_Azure_Kinect/Scripts/Editor/UnityEnvironment.cs:104)
System.Runtime.CompilerServices.RuntimeHelpers:RunClassConstructor (System.RuntimeTypeHandle)
UnityEditor.EditorAssemblies:ProcessInitializeOnLoadAttributes (System.Type[])

(Filename: Assets/UnityFileDebug/Lib/Logger/Scripts/DebugWrapper.cs Line: 56)

Invoked RoslynAnalysisRunner static constructor.
RoslynAnalysisRunner will not be running.
RoslynAnalysisRunner has terminated.
Mono: successfully reloaded assembly
- Completed reload, in  0.858 seconds
Platform modules already initialized, skipping
========================================================================
Worker process is ready to serve import requests
Launched and connected shader compiler UnityShaderCompiler.exe after 0.05 seconds
Refreshing native plugins compatible for Editor in 0.62 ms, found 10 plugins.
Preloading 0 native plugins for Editor in 0.00 ms.
Unloading 1300 Unused Serialized files (Serialized files now loaded: 0)
System memory in use before: 64.8 MB.
System memory in use after: 64.8 MB.

Unloading 31 unused Assets to reduce memory usage. Loaded Objects now: 1732.
Total: 1.927400 ms (FindLiveObjects: 0.211100 ms CreateObjectMapping: 0.081500 ms MarkObjects: 1.578100 ms  DeleteObjects: 0.055300 ms)

========================================================================
Received Import Request.
  path: Assets/Scripts/ConfigurationManager.cs
  artifactKey: Guid(854030f5e8dfe994ab82a7f7c567b90d) Importer(815301076,1909f56bfc062723c751e8b465ee728b)
Start importing Assets/Scripts/ConfigurationManager.cs using Guid(854030f5e8dfe994ab82a7f7c567b90d) Importer(815301076,1909f56bfc062723c751e8b465ee728b)  -> (artifact id: '7afcaee21727913f2905ac6117e53f34') in 0.028110 seconds
  Import took 0.032586 seconds .

========================================================================
Received Import Request.
  Time since last request: 0.003636 seconds.
  path: Assets/Scripts/ConfigurationManager.cs
  artifactKey: Guid(854030f5e8dfe994ab82a7f7c567b90d) Importer(815301076,1909f56bfc062723c751e8b465ee728b)
Start importing Assets/Scripts/ConfigurationManager.cs using Guid(854030f5e8dfe994ab82a7f7c567b90d) Importer(815301076,1909f56bfc062723c751e8b465ee728b)  -> (artifact id: '7afcaee21727913f2905ac6117e53f34') in 0.001280 seconds
  Import took 0.003822 seconds .

========================================================================
Received Prepare
Registering precompiled user dll's ...
Registered in 0.004880 seconds.
Begin MonoManager ReloadAssembly
Native extension for WindowsStandalone target not found
Refreshing native plugins compatible for Editor in 0.38 ms, found 10 plugins.
Preloading 0 native plugins for Editor in 0.00 ms.
[Log] Successfully initialized Unity environment for Kinect!
UnityEngine.StackTraceUtility:ExtractStackTrace ()
UnityEngine.DebugLogHandler:LogFormat (UnityEngine.LogType,UnityEngine.Object,string,object[])
UnityEngine.Logger:Log (UnityEngine.LogType,object)
UnityEngine.Debug:Log (object)
Debug:Log (object,DLogType) (at Assets/UnityFileDebug/Lib/Logger/Scripts/DebugWrapper.cs:56)
LightBuzz.Kinect4Azure.UnityEnvironment:.cctor () (at Assets/LightBuzz_Azure_Kinect/Scripts/Editor/UnityEnvironment.cs:104)
System.Runtime.CompilerServices.RuntimeHelpers:RunClassConstructor (System.RuntimeTypeHandle)
UnityEditor.EditorAssemblies:ProcessInitializeOnLoadAttributes (System.Type[])

(Filename: Assets/UnityFileDebug/Lib/Logger/Scripts/DebugWrapper.cs Line: 56)

Invoked RoslynAnalysisRunner static constructor.
RoslynAnalysisRunner will not be running.
RoslynAnalysisRunner has terminated.
Mono: successfully reloaded assembly
- Completed reload, in  0.685 seconds
Platform modules already initialized, skipping
Refreshing native plugins compatible for Editor in 0.45 ms, found 10 plugins.
Preloading 0 native plugins for Editor in 0.00 ms.
Unloading 1280 Unused Serialized files (Serialized files now loaded: 0)
System memory in use before: 63.8 MB.
System memory in use after: 63.9 MB.

Unloading 26 unused Assets to reduce memory usage. Loaded Objects now: 1735.
Total: 1.466600 ms (FindLiveObjects: 0.137600 ms CreateObjectMapping: 0.040500 ms MarkObjects: 1.272700 ms  DeleteObjects: 0.015200 ms)

========================================================================
Received Prepare
Registering precompiled user dll's ...
Registered in 0.004218 seconds.
Begin MonoManager ReloadAssembly
Native extension for WindowsStandalone target not found
Refreshing native plugins compatible for Editor in 0.42 ms, found 10 plugins.
Preloading 0 native plugins for Editor in 0.00 ms.
[Log] Successfully initialized Unity environment for Kinect!
UnityEngine.StackTraceUtility:ExtractStackTrace ()
UnityEngine.DebugLogHandler:LogFormat (UnityEngine.LogType,UnityEngine.Object,string,object[])
UnityEngine.Logger:Log (UnityEngine.LogType,object)
UnityEngine.Debug:Log (object)
Debug:Log (object,DLogType) (at Assets/UnityFileDebug/Lib/Logger/Scripts/DebugWrapper.cs:56)
LightBuzz.Kinect4Azure.UnityEnvironment:.cctor () (at Assets/LightBuzz_Azure_Kinect/Scripts/Editor/UnityEnvironment.cs:104)
System.Runtime.CompilerServices.RuntimeHelpers:RunClassConstructor (System.RuntimeTypeHandle)
UnityEditor.EditorAssemblies:ProcessInitializeOnLoadAttributes (System.Type[])

(Filename: Assets/UnityFileDebug/Lib/Logger/Scripts/DebugWrapper.cs Line: 56)

Invoked RoslynAnalysisRunner static constructor.
RoslynAnalysisRunner will not be running.
RoslynAnalysisRunner has terminated.
Mono: successfully reloaded assembly
- Completed reload, in  0.711 seconds
Platform modules already initialized, skipping
Refreshing native plugins compatible for Editor in 0.38 ms, found 10 plugins.
Preloading 0 native plugins for Editor in 0.00 ms.
Unloading 1280 Unused Serialized files (Serialized files now loaded: 0)
System memory in use before: 64.1 MB.
System memory in use after: 64.3 MB.

Unloading 26 unused Assets to reduce memory usage. Loaded Objects now: 1738.
Total: 1.418000 ms (FindLiveObjects: 0.133500 ms CreateObjectMapping: 0.031100 ms MarkObjects: 1.237200 ms  DeleteObjects: 0.015500 ms)

========================================================================
Received Prepare
Registering precompiled user dll's ...
Registered in 0.004861 seconds.
Begin MonoManager ReloadAssembly
Native extension for WindowsStandalone target not found
Refreshing native plugins compatible for Editor in 0.48 ms, found 10 plugins.
Preloading 0 native plugins for Editor in 0.00 ms.
[Log] Successfully initialized Unity environment for Kinect!
UnityEngine.StackTraceUtility:ExtractStackTrace ()
UnityEngine.DebugLogHandler:LogFormat (UnityEngine.LogType,UnityEngine.Object,string,object[])
UnityEngine.Logger:Log (UnityEngine.LogType,object)
UnityEngine.Debug:Log (object)
Debug:Log (object,DLogType) (at Assets/UnityFileDebug/Lib/Logger/Scripts/DebugWrapper.cs:56)
LightBuzz.Kinect4Azure.UnityEnvironment:.cctor () (at Assets/LightBuzz_Azure_Kinect/Scripts/Editor/UnityEnvironment.cs:104)
System.Runtime.CompilerServices.RuntimeHelpers:RunClassConstructor (System.RuntimeTypeHandle)
UnityEditor.EditorAssemblies:ProcessInitializeOnLoadAttributes (System.Type[])

(Filename: Assets/UnityFileDebug/Lib/Logger/Scripts/DebugWrapper.cs Line: 56)

Invoked RoslynAnalysisRunner static constructor.
RoslynAnalysisRunner will not be running.
RoslynAnalysisRunner has terminated.
Mono: successfully reloaded assembly
- Completed reload, in  0.757 seconds
Platform modules already initialized, skipping
Refreshing native plugins compatible for Editor in 0.39 ms, found 10 plugins.
Preloading 0 native plugins for Editor in 0.00 ms.
Unloading 1280 Unused Serialized files (Serialized files now loaded: 0)
System memory in use before: 64.3 MB.
System memory in use after: 64.4 MB.

Unloading 26 unused Assets to reduce memory usage. Loaded Objects now: 1741.
Total: 1.518600 ms (FindLiveObjects: 0.134700 ms CreateObjectMapping: 0.032500 ms MarkObjects: 1.335700 ms  DeleteObjects: 0.015100 ms)

========================================================================
Received Prepare
Registering precompiled user dll's ...
Registered in 0.004872 seconds.
Begin MonoManager ReloadAssembly
Native extension for WindowsStandalone target not found
Refreshing native plugins compatible for Editor in 0.41 ms, found 10 plugins.
Preloading 0 native plugins for Editor in 0.00 ms.
[Log] Successfully initialized Unity environment for Kinect!
UnityEngine.StackTraceUtility:ExtractStackTrace ()
UnityEngine.DebugLogHandler:LogFormat (UnityEngine.LogType,UnityEngine.Object,string,object[])
UnityEngine.Logger:Log (UnityEngine.LogType,object)
UnityEngine.Debug:Log (object)
Debug:Log (object,DLogType) (at Assets/UnityFileDebug/Lib/Logger/Scripts/DebugWrapper.cs:56)
LightBuzz.Kinect4Azure.UnityEnvironment:.cctor () (at Assets/LightBuzz_Azure_Kinect/Scripts/Editor/UnityEnvironment.cs:104)
System.Runtime.CompilerServices.RuntimeHelpers:RunClassConstructor (System.RuntimeTypeHandle)
UnityEditor.EditorAssemblies:ProcessInitializeOnLoadAttributes (System.Type[])

(Filename: Assets/UnityFileDebug/Lib/Logger/Scripts/DebugWrapper.cs Line: 56)

Invoked RoslynAnalysisRunner static constructor.
RoslynAnalysisRunner will not be running.
RoslynAnalysisRunner has terminated.
Mono: successfully reloaded assembly
- Completed reload, in  0.726 seconds
Platform modules already initialized, skipping
Refreshing native plugins compatible for Editor in 0.38 ms, found 10 plugins.
Preloading 0 native plugins for Editor in 0.00 ms.
Unloading 1280 Unused Serialized files (Serialized files now loaded: 0)
System memory in use before: 64.8 MB.
System memory in use after: 64.9 MB.

Unloading 26 unused Assets to reduce memory usage. Loaded Objects now: 1744.
Total: 1.417800 ms (FindLiveObjects: 0.135800 ms CreateObjectMapping: 0.033400 ms MarkObjects: 1.233700 ms  DeleteObjects: 0.014200 ms)

========================================================================
Received Prepare
Registering precompiled user dll's ...
Registered in 0.004748 seconds.
Begin MonoManager ReloadAssembly
Native extension for WindowsStandalone target not found
Refreshing native plugins compatible for Editor in 0.41 ms, found 10 plugins.
Preloading 0 native plugins for Editor in 0.00 ms.
[Log] Successfully initialized Unity environment for Kinect!
UnityEngine.StackTraceUtility:ExtractStackTrace ()
UnityEngine.DebugLogHandler:LogFormat (UnityEngine.LogType,UnityEngine.Object,string,object[])
UnityEngine.Logger:Log (UnityEngine.LogType,object)
UnityEngine.Debug:Log (object)
Debug:Log (object,DLogType) (at Assets/UnityFileDebug/Lib/Logger/Scripts/DebugWrapper.cs:56)
LightBuzz.Kinect4Azure.UnityEnvironment:.cctor () (at Assets/LightBuzz_Azure_Kinect/Scripts/Editor/UnityEnvironment.cs:104)
System.Runtime.CompilerServices.RuntimeHelpers:RunClassConstructor (System.RuntimeTypeHandle)
UnityEditor.EditorAssemblies:ProcessInitializeOnLoadAttributes (System.Type[])

(Filename: Assets/UnityFileDebug/Lib/Logger/Scripts/DebugWrapper.cs Line: 56)

Invoked RoslynAnalysisRunner static constructor.
RoslynAnalysisRunner will not be running.
RoslynAnalysisRunner has terminated.
Mono: successfully reloaded assembly
- Completed reload, in  0.710 seconds
Platform modules already initialized, skipping
Refreshing native plugins compatible for Editor in 0.38 ms, found 10 plugins.
Preloading 0 native plugins for Editor in 0.00 ms.
Unloading 1280 Unused Serialized files (Serialized files now loaded: 0)
System memory in use before: 65.1 MB.
System memory in use after: 65.2 MB.

Unloading 26 unused Assets to reduce memory usage. Loaded Objects now: 1747.
Total: 1.649000 ms (FindLiveObjects: 0.189100 ms CreateObjectMapping: 0.063400 ms MarkObjects: 1.378400 ms  DeleteObjects: 0.017400 ms)

========================================================================
Received Prepare
Registering precompiled user dll's ...
Registered in 0.004263 seconds.
Begin MonoManager ReloadAssembly
Native extension for WindowsStandalone target not found
Refreshing native plugins compatible for Editor in 0.41 ms, found 10 plugins.
Preloading 0 native plugins for Editor in 0.00 ms.
[Log] Successfully initialized Unity environment for Kinect!
UnityEngine.StackTraceUtility:ExtractStackTrace ()
UnityEngine.DebugLogHandler:LogFormat (UnityEngine.LogType,UnityEngine.Object,string,object[])
UnityEngine.Logger:Log (UnityEngine.LogType,object)
UnityEngine.Debug:Log (object)
Debug:Log (object,DLogType) (at Assets/UnityFileDebug/Lib/Logger/Scripts/DebugWrapper.cs:56)
LightBuzz.Kinect4Azure.UnityEnvironment:.cctor () (at Assets/LightBuzz_Azure_Kinect/Scripts/Editor/UnityEnvironment.cs:104)
System.Runtime.CompilerServices.RuntimeHelpers:RunClassConstructor (System.RuntimeTypeHandle)
UnityEditor.EditorAssemblies:ProcessInitializeOnLoadAttributes (System.Type[])

(Filename: Assets/UnityFileDebug/Lib/Logger/Scripts/DebugWrapper.cs Line: 56)

Invoked RoslynAnalysisRunner static constructor.
RoslynAnalysisRunner will not be running.
RoslynAnalysisRunner has terminated.
Mono: successfully reloaded assembly
- Completed reload, in  0.705 seconds
Platform modules already initialized, skipping
Refreshing native plugins compatible for Editor in 0.39 ms, found 10 plugins.
Preloading 0 native plugins for Editor in 0.00 ms.
Unloading 1280 Unused Serialized files (Serialized files now loaded: 0)
System memory in use before: 65.3 MB.
System memory in use after: 65.4 MB.

Unloading 26 unused Assets to reduce memory usage. Loaded Objects now: 1750.
Total: 1.614200 ms (FindLiveObjects: 0.119300 ms CreateObjectMapping: 0.036400 ms MarkObjects: 1.442700 ms  DeleteObjects: 0.015100 ms)

========================================================================
Received Prepare
Registering precompiled user dll's ...
Registered in 0.004523 seconds.
Begin MonoManager ReloadAssembly
Native extension for WindowsStandalone target not found
Refreshing native plugins compatible for Editor in 0.39 ms, found 10 plugins.
Preloading 0 native plugins for Editor in 0.00 ms.
[Log] Successfully initialized Unity environment for Kinect!
UnityEngine.StackTraceUtility:ExtractStackTrace ()
UnityEngine.DebugLogHandler:LogFormat (UnityEngine.LogType,UnityEngine.Object,string,object[])
UnityEngine.Logger:Log (UnityEngine.LogType,object)
UnityEngine.Debug:Log (object)
Debug:Log (object,DLogType) (at Assets/UnityFileDebug/Lib/Logger/Scripts/DebugWrapper.cs:56)
LightBuzz.Kinect4Azure.UnityEnvironment:.cctor () (at Assets/LightBuzz_Azure_Kinect/Scripts/Editor/UnityEnvironment.cs:104)
System.Runtime.CompilerServices.RuntimeHelpers:RunClassConstructor (System.RuntimeTypeHandle)
UnityEditor.EditorAssemblies:ProcessInitializeOnLoadAttributes (System.Type[])

(Filename: Assets/UnityFileDebug/Lib/Logger/Scripts/DebugWrapper.cs Line: 56)

Invoked RoslynAnalysisRunner static constructor.
RoslynAnalysisRunner will not be running.
RoslynAnalysisRunner has terminated.
Mono: successfully reloaded assembly
- Completed reload, in  0.717 seconds
Platform modules already initialized, skipping
Refreshing native plugins compatible for Editor in 0.38 ms, found 10 plugins.
Preloading 0 native plugins for Editor in 0.00 ms.
Unloading 1280 Unused Serialized files (Serialized files now loaded: 0)
System memory in use before: 64.7 MB.
System memory in use after: 64.8 MB.

Unloading 26 unused Assets to reduce memory usage. Loaded Objects now: 1753.
Total: 1.498300 ms (FindLiveObjects: 0.139800 ms CreateObjectMapping: 0.035800 ms MarkObjects: 1.302800 ms  DeleteObjects: 0.019100 ms)

========================================================================
Received Prepare
Registering precompiled user dll's ...
Registered in 0.004274 seconds.
Begin MonoManager ReloadAssembly
Native extension for WindowsStandalone target not found
Refreshing native plugins compatible for Editor in 0.58 ms, found 10 plugins.
Preloading 0 native plugins for Editor in 0.00 ms.
[Log] Successfully initialized Unity environment for Kinect!
UnityEngine.StackTraceUtility:ExtractStackTrace ()
UnityEngine.DebugLogHandler:LogFormat (UnityEngine.LogType,UnityEngine.Object,string,object[])
UnityEngine.Logger:Log (UnityEngine.LogType,object)
UnityEngine.Debug:Log (object)
Debug:Log (object,DLogType) (at Assets/UnityFileDebug/Lib/Logger/Scripts/DebugWrapper.cs:56)
LightBuzz.Kinect4Azure.UnityEnvironment:.cctor () (at Assets/LightBuzz_Azure_Kinect/Scripts/Editor/UnityEnvironment.cs:104)
System.Runtime.CompilerServices.RuntimeHelpers:RunClassConstructor (System.RuntimeTypeHandle)
UnityEditor.EditorAssemblies:ProcessInitializeOnLoadAttributes (System.Type[])

(Filename: Assets/UnityFileDebug/Lib/Logger/Scripts/DebugWrapper.cs Line: 56)

Invoked RoslynAnalysisRunner static constructor.
RoslynAnalysisRunner will not be running.
RoslynAnalysisRunner has terminated.
Mono: successfully reloaded assembly
- Completed reload, in  0.749 seconds
Platform modules already initialized, skipping
Refreshing native plugins compatible for Editor in 0.39 ms, found 10 plugins.
Preloading 0 native plugins for Editor in 0.00 ms.
Unloading 1280 Unused Serialized files (Serialized files now loaded: 0)
System memory in use before: 65.0 MB.
System memory in use after: 65.1 MB.

Unloading 26 unused Assets to reduce memory usage. Loaded Objects now: 1756.
Total: 1.587300 ms (FindLiveObjects: 0.169700 ms CreateObjectMapping: 0.055200 ms MarkObjects: 1.341000 ms  DeleteObjects: 0.019200 ms)

========================================================================
Received Import Request.
  Time since last request: 574.221936 seconds.
  path: Assets/Scripts
  artifactKey: Guid(cf09fa38ef778f641ba246301d1f701b) Importer(815301076,1909f56bfc062723c751e8b465ee728b)
Start importing Assets/Scripts using Guid(cf09fa38ef778f641ba246301d1f701b) Importer(815301076,1909f56bfc062723c751e8b465ee728b)  -> (artifact id: 'a027a3fcfc0d4e99c6c1960025a2676b') in 0.003415 seconds
  Import took 0.007318 seconds .

========================================================================
Received Import Request.
  Time since last request: 6.604792 seconds.
  path: Assets/Scripts/AutoScale.cs
  artifactKey: Guid(93254724d8a76ca47ab006a2bdb7e583) Importer(815301076,1909f56bfc062723c751e8b465ee728b)
Start importing Assets/Scripts/AutoScale.cs using Guid(93254724d8a76ca47ab006a2bdb7e583) Importer(815301076,1909f56bfc062723c751e8b465ee728b)  -> (artifact id: 'c0b127015de438a90e8e3e8888eeb654') in 0.001419 seconds
  Import took 0.005397 seconds .

========================================================================
Received Prepare
Registering precompiled user dll's ...
Registered in 0.004209 seconds.
Begin MonoManager ReloadAssembly
Native extension for WindowsStandalone target not found
Refreshing native plugins compatible for Editor in 0.91 ms, found 10 plugins.
Preloading 0 native plugins for Editor in 0.00 ms.
[Log] Successfully initialized Unity environment for Kinect!
UnityEngine.StackTraceUtility:ExtractStackTrace ()
UnityEngine.DebugLogHandler:LogFormat (UnityEngine.LogType,UnityEngine.Object,string,object[])
UnityEngine.Logger:Log (UnityEngine.LogType,object)
UnityEngine.Debug:Log (object)
Debug:Log (object,DLogType) (at Assets/UnityFileDebug/Lib/Logger/Scripts/DebugWrapper.cs:56)
LightBuzz.Kinect4Azure.UnityEnvironment:.cctor () (at Assets/LightBuzz_Azure_Kinect/Scripts/Editor/UnityEnvironment.cs:104)
System.Runtime.CompilerServices.RuntimeHelpers:RunClassConstructor (System.RuntimeTypeHandle)
UnityEditor.EditorAssemblies:ProcessInitializeOnLoadAttributes (System.Type[])

(Filename: Assets/UnityFileDebug/Lib/Logger/Scripts/DebugWrapper.cs Line: 56)

Invoked RoslynAnalysisRunner static constructor.
RoslynAnalysisRunner will not be running.
RoslynAnalysisRunner has terminated.
Mono: successfully reloaded assembly
- Completed reload, in  0.796 seconds
Platform modules already initialized, skipping
Refreshing native plugins compatible for Editor in 0.39 ms, found 10 plugins.
Preloading 0 native plugins for Editor in 0.00 ms.
Unloading 1281 Unused Serialized files (Serialized files now loaded: 0)
System memory in use before: 65.3 MB.
System memory in use after: 65.4 MB.

Unloading 26 unused Assets to reduce memory usage. Loaded Objects now: 1760.
Total: 1.719300 ms (FindLiveObjects: 0.139600 ms CreateObjectMapping: 0.037200 ms MarkObjects: 1.519500 ms  DeleteObjects: 0.022000 ms)

========================================================================
Received Prepare
Registering precompiled user dll's ...
Registered in 0.004948 seconds.
Begin MonoManager ReloadAssembly
Native extension for WindowsStandalone target not found
Refreshing native plugins compatible for Editor in 0.39 ms, found 10 plugins.
Preloading 0 native plugins for Editor in 0.00 ms.
[Log] Successfully initialized Unity environment for Kinect!
UnityEngine.StackTraceUtility:ExtractStackTrace ()
UnityEngine.DebugLogHandler:LogFormat (UnityEngine.LogType,UnityEngine.Object,string,object[])
UnityEngine.Logger:Log (UnityEngine.LogType,object)
UnityEngine.Debug:Log (object)
Debug:Log (object,DLogType) (at Assets/UnityFileDebug/Lib/Logger/Scripts/DebugWrapper.cs:56)
LightBuzz.Kinect4Azure.UnityEnvironment:.cctor () (at Assets/LightBuzz_Azure_Kinect/Scripts/Editor/UnityEnvironment.cs:104)
System.Runtime.CompilerServices.RuntimeHelpers:RunClassConstructor (System.RuntimeTypeHandle)
UnityEditor.EditorAssemblies:ProcessInitializeOnLoadAttributes (System.Type[])

(Filename: Assets/UnityFileDebug/Lib/Logger/Scripts/DebugWrapper.cs Line: 56)

Invoked RoslynAnalysisRunner static constructor.
RoslynAnalysisRunner will not be running.
RoslynAnalysisRunner has terminated.
Mono: successfully reloaded assembly
- Completed reload, in  0.700 seconds
Platform modules already initialized, skipping
Refreshing native plugins compatible for Editor in 0.38 ms, found 10 plugins.
Preloading 0 native plugins for Editor in 0.00 ms.
Unloading 1281 Unused Serialized files (Serialized files now loaded: 0)
System memory in use before: 65.3 MB.
System memory in use after: 65.5 MB.

Unloading 26 unused Assets to reduce memory usage. Loaded Objects now: 1763.
Total: 1.545400 ms (FindLiveObjects: 0.188200 ms CreateObjectMapping: 0.060600 ms MarkObjects: 1.280000 ms  DeleteObjects: 0.015800 ms)

========================================================================
Received Prepare
Registering precompiled user dll's ...
Registered in 0.004785 seconds.
Begin MonoManager ReloadAssembly
Native extension for WindowsStandalone target not found
Refreshing native plugins compatible for Editor in 0.41 ms, found 10 plugins.
Preloading 0 native plugins for Editor in 0.00 ms.
[Log] Successfully initialized Unity environment for Kinect!
UnityEngine.StackTraceUtility:ExtractStackTrace ()
UnityEngine.DebugLogHandler:LogFormat (UnityEngine.LogType,UnityEngine.Object,string,object[])
UnityEngine.Logger:Log (UnityEngine.LogType,object)
UnityEngine.Debug:Log (object)
Debug:Log (object,DLogType) (at Assets/UnityFileDebug/Lib/Logger/Scripts/DebugWrapper.cs:56)
LightBuzz.Kinect4Azure.UnityEnvironment:.cctor () (at Assets/LightBuzz_Azure_Kinect/Scripts/Editor/UnityEnvironment.cs:104)
System.Runtime.CompilerServices.RuntimeHelpers:RunClassConstructor (System.RuntimeTypeHandle)
UnityEditor.EditorAssemblies:ProcessInitializeOnLoadAttributes (System.Type[])

(Filename: Assets/UnityFileDebug/Lib/Logger/Scripts/DebugWrapper.cs Line: 56)

Invoked RoslynAnalysisRunner static constructor.
RoslynAnalysisRunner will not be running.
RoslynAnalysisRunner has terminated.
Mono: successfully reloaded assembly
- Completed reload, in  0.705 seconds
Platform modules already initialized, skipping
Refreshing native plugins compatible for Editor in 0.38 ms, found 10 plugins.
Preloading 0 native plugins for Editor in 0.00 ms.
Unloading 1281 Unused Serialized files (Serialized files now loaded: 0)
System memory in use before: 64.9 MB.
System memory in use after: 65.0 MB.

Unloading 26 unused Assets to reduce memory usage. Loaded Objects now: 1766.
Total: 1.442800 ms (FindLiveObjects: 0.132600 ms CreateObjectMapping: 0.031200 ms MarkObjects: 1.263200 ms  DeleteObjects: 0.015000 ms)

========================================================================
Received Prepare
Registering precompiled user dll's ...
Registered in 0.004606 seconds.
Begin MonoManager ReloadAssembly
Native extension for WindowsStandalone target not found
Refreshing native plugins compatible for Editor in 0.39 ms, found 10 plugins.
Preloading 0 native plugins for Editor in 0.00 ms.
[Log] Successfully initialized Unity environment for Kinect!
UnityEngine.StackTraceUtility:ExtractStackTrace ()
UnityEngine.DebugLogHandler:LogFormat (UnityEngine.LogType,UnityEngine.Object,string,object[])
UnityEngine.Logger:Log (UnityEngine.LogType,object)
UnityEngine.Debug:Log (object)
Debug:Log (object,DLogType) (at Assets/UnityFileDebug/Lib/Logger/Scripts/DebugWrapper.cs:56)
LightBuzz.Kinect4Azure.UnityEnvironment:.cctor () (at Assets/LightBuzz_Azure_Kinect/Scripts/Editor/UnityEnvironment.cs:104)
System.Runtime.CompilerServices.RuntimeHelpers:RunClassConstructor (System.RuntimeTypeHandle)
UnityEditor.EditorAssemblies:ProcessInitializeOnLoadAttributes (System.Type[])

(Filename: Assets/UnityFileDebug/Lib/Logger/Scripts/DebugWrapper.cs Line: 56)

Invoked RoslynAnalysisRunner static constructor.
RoslynAnalysisRunner will not be running.
RoslynAnalysisRunner has terminated.
Mono: successfully reloaded assembly
- Completed reload, in  0.750 seconds
Platform modules already initialized, skipping
Refreshing native plugins compatible for Editor in 0.39 ms, found 10 plugins.
Preloading 0 native plugins for Editor in 0.00 ms.
Unloading 1281 Unused Serialized files (Serialized files now loaded: 0)
System memory in use before: 65.2 MB.
System memory in use after: 65.3 MB.

Unloading 26 unused Assets to reduce memory usage. Loaded Objects now: 1769.
Total: 1.457500 ms (FindLiveObjects: 0.117900 ms CreateObjectMapping: 0.032600 ms MarkObjects: 1.292600 ms  DeleteObjects: 0.013900 ms)

========================================================================
Received Prepare
Registering precompiled user dll's ...
Registered in 0.004631 seconds.
Begin MonoManager ReloadAssembly
Native extension for WindowsStandalone target not found
Refreshing native plugins compatible for Editor in 0.40 ms, found 10 plugins.
Preloading 0 native plugins for Editor in 0.00 ms.
[Log] Successfully initialized Unity environment for Kinect!
UnityEngine.StackTraceUtility:ExtractStackTrace ()
UnityEngine.DebugLogHandler:LogFormat (UnityEngine.LogType,UnityEngine.Object,string,object[])
UnityEngine.Logger:Log (UnityEngine.LogType,object)
UnityEngine.Debug:Log (object)
Debug:Log (object,DLogType) (at Assets/UnityFileDebug/Lib/Logger/Scripts/DebugWrapper.cs:56)
LightBuzz.Kinect4Azure.UnityEnvironment:.cctor () (at Assets/LightBuzz_Azure_Kinect/Scripts/Editor/UnityEnvironment.cs:104)
System.Runtime.CompilerServices.RuntimeHelpers:RunClassConstructor (System.RuntimeTypeHandle)
UnityEditor.EditorAssemblies:ProcessInitializeOnLoadAttributes (System.Type[])

(Filename: Assets/UnityFileDebug/Lib/Logger/Scripts/DebugWrapper.cs Line: 56)

Invoked RoslynAnalysisRunner static constructor.
RoslynAnalysisRunner will not be running.
RoslynAnalysisRunner has terminated.
Mono: successfully reloaded assembly
- Completed reload, in  0.719 seconds
Platform modules already initialized, skipping
Refreshing native plugins compatible for Editor in 0.38 ms, found 10 plugins.
Preloading 0 native plugins for Editor in 0.00 ms.
Unloading 1281 Unused Serialized files (Serialized files now loaded: 0)
System memory in use before: 65.4 MB.
System memory in use after: 65.5 MB.

Unloading 26 unused Assets to reduce memory usage. Loaded Objects now: 1772.
Total: 1.394200 ms (FindLiveObjects: 0.128400 ms CreateObjectMapping: 0.037500 ms MarkObjects: 1.212700 ms  DeleteObjects: 0.014900 ms)

========================================================================
Received Prepare
Registering precompiled user dll's ...
Registered in 0.004381 seconds.
Begin MonoManager ReloadAssembly
Native extension for WindowsStandalone target not found
Refreshing native plugins compatible for Editor in 0.40 ms, found 10 plugins.
Preloading 0 native plugins for Editor in 0.00 ms.
[Log] Successfully initialized Unity environment for Kinect!
UnityEngine.StackTraceUtility:ExtractStackTrace ()
UnityEngine.DebugLogHandler:LogFormat (UnityEngine.LogType,UnityEngine.Object,string,object[])
UnityEngine.Logger:Log (UnityEngine.LogType,object)
UnityEngine.Debug:Log (object)
Debug:Log (object,DLogType) (at Assets/UnityFileDebug/Lib/Logger/Scripts/DebugWrapper.cs:56)
LightBuzz.Kinect4Azure.UnityEnvironment:.cctor () (at Assets/LightBuzz_Azure_Kinect/Scripts/Editor/UnityEnvironment.cs:104)
System.Runtime.CompilerServices.RuntimeHelpers:RunClassConstructor (System.RuntimeTypeHandle)
UnityEditor.EditorAssemblies:ProcessInitializeOnLoadAttributes (System.Type[])

(Filename: Assets/UnityFileDebug/Lib/Logger/Scripts/DebugWrapper.cs Line: 56)

Invoked RoslynAnalysisRunner static constructor.
RoslynAnalysisRunner will not be running.
RoslynAnalysisRunner has terminated.
Mono: successfully reloaded assembly
- Completed reload, in  0.717 seconds
Platform modules already initialized, skipping
Refreshing native plugins compatible for Editor in 0.39 ms, found 10 plugins.
Preloading 0 native plugins for Editor in 0.00 ms.
Unloading 1281 Unused Serialized files (Serialized files now loaded: 0)
System memory in use before: 64.8 MB.
System memory in use after: 64.9 MB.

Unloading 26 unused Assets to reduce memory usage. Loaded Objects now: 1775.
Total: 1.606900 ms (FindLiveObjects: 0.144000 ms CreateObjectMapping: 0.035000 ms MarkObjects: 1.412300 ms  DeleteObjects: 0.014900 ms)

========================================================================
Received Prepare
Registering precompiled user dll's ...
Registered in 0.004763 seconds.
Begin MonoManager ReloadAssembly
Native extension for WindowsStandalone target not found
Refreshing native plugins compatible for Editor in 0.42 ms, found 10 plugins.
Preloading 0 native plugins for Editor in 0.00 ms.
[Log] Successfully initialized Unity environment for Kinect!
UnityEngine.StackTraceUtility:ExtractStackTrace ()
UnityEngine.DebugLogHandler:LogFormat (UnityEngine.LogType,UnityEngine.Object,string,object[])
UnityEngine.Logger:Log (UnityEngine.LogType,object)
UnityEngine.Debug:Log (object)
Debug:Log (object,DLogType) (at Assets/UnityFileDebug/Lib/Logger/Scripts/DebugWrapper.cs:56)
LightBuzz.Kinect4Azure.UnityEnvironment:.cctor () (at Assets/LightBuzz_Azure_Kinect/Scripts/Editor/UnityEnvironment.cs:104)
System.Runtime.CompilerServices.RuntimeHelpers:RunClassConstructor (System.RuntimeTypeHandle)
UnityEditor.EditorAssemblies:ProcessInitializeOnLoadAttributes (System.Type[])

(Filename: Assets/UnityFileDebug/Lib/Logger/Scripts/DebugWrapper.cs Line: 56)

Invoked RoslynAnalysisRunner static constructor.
RoslynAnalysisRunner will not be running.
RoslynAnalysisRunner has terminated.
Mono: successfully reloaded assembly
- Completed reload, in  0.701 seconds
Platform modules already initialized, skipping
Refreshing native plugins compatible for Editor in 0.39 ms, found 10 plugins.
Preloading 0 native plugins for Editor in 0.00 ms.
Unloading 1281 Unused Serialized files (Serialized files now loaded: 0)
System memory in use before: 65.1 MB.
System memory in use after: 65.2 MB.

Unloading 26 unused Assets to reduce memory usage. Loaded Objects now: 1778.
Total: 1.396200 ms (FindLiveObjects: 0.137800 ms CreateObjectMapping: 0.041300 ms MarkObjects: 1.199800 ms  DeleteObjects: 0.016300 ms)

========================================================================
Received Prepare
Registering precompiled user dll's ...
Registered in 0.004600 seconds.
Begin MonoManager ReloadAssembly
Native extension for WindowsStandalone target not found
Refreshing native plugins compatible for Editor in 0.40 ms, found 10 plugins.
Preloading 0 native plugins for Editor in 0.00 ms.
[Log] Successfully initialized Unity environment for Kinect!
UnityEngine.StackTraceUtility:ExtractStackTrace ()
UnityEngine.DebugLogHandler:LogFormat (UnityEngine.LogType,UnityEngine.Object,string,object[])
UnityEngine.Logger:Log (UnityEngine.LogType,object)
UnityEngine.Debug:Log (object)
Debug:Log (object,DLogType) (at Assets/UnityFileDebug/Lib/Logger/Scripts/DebugWrapper.cs:56)
LightBuzz.Kinect4Azure.UnityEnvironment:.cctor () (at Assets/LightBuzz_Azure_Kinect/Scripts/Editor/UnityEnvironment.cs:104)
System.Runtime.CompilerServices.RuntimeHelpers:RunClassConstructor (System.RuntimeTypeHandle)
UnityEditor.EditorAssemblies:ProcessInitializeOnLoadAttributes (System.Type[])

(Filename: Assets/UnityFileDebug/Lib/Logger/Scripts/DebugWrapper.cs Line: 56)

Invoked RoslynAnalysisRunner static constructor.
RoslynAnalysisRunner will not be running.
RoslynAnalysisRunner has terminated.
Mono: successfully reloaded assembly
- Completed reload, in  0.712 seconds
Platform modules already initialized, skipping
Refreshing native plugins compatible for Editor in 0.39 ms, found 10 plugins.
Preloading 0 native plugins for Editor in 0.00 ms.
Unloading 1281 Unused Serialized files (Serialized files now loaded: 0)
System memory in use before: 65.4 MB.
System memory in use after: 65.5 MB.

Unloading 26 unused Assets to reduce memory usage. Loaded Objects now: 1781.
Total: 1.444700 ms (FindLiveObjects: 0.122800 ms CreateObjectMapping: 0.033600 ms MarkObjects: 1.272800 ms  DeleteObjects: 0.014800 ms)

