Using pre-set license
Built from '2020.2/staging' branch; Version is '2020.2.7f1 (c53830e277f1) revision 12924976'; Using compiler version '192528614'; Build Type 'Release'
OS: 'Windows 10 Home; OS build 19041.804; Version 2004; 64bit' Language: 'en' Physical Memory: 32686 MB
BatchMode: 1, IsHumanControllingUs: 0, StartBugReporterOnCrash: 0, Is64bit: 1, IsPro: 0

 COMMAND LINE ARGUMENTS:
C:\Program Files\Unity\Hub\Editor\2020.2.7f1\Editor\Unity.exe
-adb2
-batchMode
-noUpm
-name
AssetImportWorker0
-projectPath
C:/Users/GGPC/Desktop/Prasanth/PedestrianDynamics
-logFile
Logs/AssetImportWorker0.log
-srvPort
54894
Successfully changed project path to: C:/Users/GGPC/Desktop/Prasanth/PedestrianDynamics
C:/Users/GGPC/Desktop/Prasanth/PedestrianDynamics
Using Asset Import Pipeline V2.
Refreshing native plugins compatible for Editor in 26.72 ms, found 10 plugins.
Preloading 0 native plugins for Editor in 0.00 ms.
Initialize engine version: 2020.2.7f1 (c53830e277f1)
[Subsystems] Discovering subsystems at path C:/Program Files/Unity/Hub/Editor/2020.2.7f1/Editor/Data/Resources/UnitySubsystems
[Subsystems] Discovering subsystems at path C:/Users/GGPC/Desktop/Prasanth/PedestrianDynamics/Assets
GfxDevice: creating device client; threaded=0
Direct3D:
    Version:  Direct3D 11.0 [level 11.1]
    Renderer: NVIDIA GeForce RTX 2080 Ti (ID=0x1e07)
    Vendor:   
    VRAM:     11049 MB
    Driver:   27.21.14.5671
Initialize mono
Mono path[0] = 'C:/Program Files/Unity/Hub/Editor/2020.2.7f1/Editor/Data/Managed'
Mono path[1] = 'C:/Program Files/Unity/Hub/Editor/2020.2.7f1/Editor/Data/MonoBleedingEdge/lib/mono/unityjit'
Mono config path = 'C:/Program Files/Unity/Hub/Editor/2020.2.7f1/Editor/Data/MonoBleedingEdge/etc'
Using monoOptions --debugger-agent=transport=dt_socket,embedding=1,server=y,suspend=n,address=127.0.0.1:56352
Begin MonoManager ReloadAssembly
Registering precompiled unity dll's ...
Register platform support module: C:/Program Files/Unity/Hub/Editor/2020.2.7f1/Editor/Data/PlaybackEngines/WindowsStandaloneSupport/UnityEditor.WindowsStandalone.Extensions.dll
Registered in 0.002675 seconds.
Native extension for WindowsStandalone target not found
Refreshing native plugins compatible for Editor in 27.72 ms, found 10 plugins.
Preloading 0 native plugins for Editor in 0.00 ms.
Invoked RoslynAnalysisRunner static constructor.
RoslynAnalysisRunner will not be running.
RoslynAnalysisRunner has terminated.
Mono: successfully reloaded assembly
- Completed reload, in  0.979 seconds
Platform modules already initialized, skipping
Registering precompiled user dll's ...
Registered in 0.006819 seconds.
Begin MonoManager ReloadAssembly
Native extension for WindowsStandalone target not found
Refreshing native plugins compatible for Editor in 0.36 ms, found 10 plugins.
Preloading 0 native plugins for Editor in 0.00 ms.
[Log] Successfully initialized Unity environment for Kinect!
UnityEngine.StackTraceUtility:ExtractStackTrace ()
UnityEngine.DebugLogHandler:LogFormat (UnityEngine.LogType,UnityEngine.Object,string,object[])
UnityEngine.Logger:Log (UnityEngine.LogType,object)
UnityEngine.Debug:Log (object)
Debug:Log (object,DLogType) (at Assets/UnityFileDebug/Lib/Logger/Scripts/DebugWrapper.cs:56)
LightBuzz.Kinect4Azure.UnityEnvironment:.cctor () (at Assets/LightBuzz_Azure_Kinect/Scripts/Editor/UnityEnvironment.cs:104)
System.Runtime.CompilerServices.RuntimeHelpers:RunClassConstructor (System.RuntimeTypeHandle)
UnityEditor.EditorAssemblies:ProcessInitializeOnLoadAttributes (System.Type[])

(Filename: Assets/UnityFileDebug/Lib/Logger/Scripts/DebugWrapper.cs Line: 56)

Invoked RoslynAnalysisRunner static constructor.
RoslynAnalysisRunner will not be running.
RoslynAnalysisRunner has terminated.
Mono: successfully reloaded assembly
- Completed reload, in  0.719 seconds
Platform modules already initialized, skipping
========================================================================
Worker process is ready to serve import requests
Launched and connected shader compiler UnityShaderCompiler.exe after 0.04 seconds
Refreshing native plugins compatible for Editor in 0.36 ms, found 10 plugins.
Preloading 0 native plugins for Editor in 0.00 ms.
Unloading 1297 Unused Serialized files (Serialized files now loaded: 0)
System memory in use before: 65.2 MB.
System memory in use after: 65.2 MB.

Unloading 32 unused Assets to reduce memory usage. Loaded Objects now: 1728.
Total: 1.529400 ms (FindLiveObjects: 0.142400 ms CreateObjectMapping: 0.058500 ms MarkObjects: 1.252800 ms  DeleteObjects: 0.074900 ms)

========================================================================
Received Import Request.
  path: Assets/Scripts/ScaleSize.cs
  artifactKey: Guid(e841e46f172d30244a2ffa783ed7f4ca) Importer(815301076,1909f56bfc062723c751e8b465ee728b)
Start importing Assets/Scripts/ScaleSize.cs using Guid(e841e46f172d30244a2ffa783ed7f4ca) Importer(815301076,1909f56bfc062723c751e8b465ee728b)  -> (artifact id: '56522f18351917c8c2811215ac09568c') in 0.026088 seconds
  Import took 0.027811 seconds .

========================================================================
Received Prepare
Registering precompiled user dll's ...
Registered in 0.006717 seconds.
Begin MonoManager ReloadAssembly
Native extension for WindowsStandalone target not found
Refreshing native plugins compatible for Editor in 0.39 ms, found 10 plugins.
Preloading 0 native plugins for Editor in 0.00 ms.
[Log] Successfully initialized Unity environment for Kinect!
UnityEngine.StackTraceUtility:ExtractStackTrace ()
UnityEngine.DebugLogHandler:LogFormat (UnityEngine.LogType,UnityEngine.Object,string,object[])
UnityEngine.Logger:Log (UnityEngine.LogType,object)
UnityEngine.Debug:Log (object)
Debug:Log (object,DLogType) (at Assets/UnityFileDebug/Lib/Logger/Scripts/DebugWrapper.cs:56)
LightBuzz.Kinect4Azure.UnityEnvironment:.cctor () (at Assets/LightBuzz_Azure_Kinect/Scripts/Editor/UnityEnvironment.cs:104)
System.Runtime.CompilerServices.RuntimeHelpers:RunClassConstructor (System.RuntimeTypeHandle)
UnityEditor.EditorAssemblies:ProcessInitializeOnLoadAttributes (System.Type[])

(Filename: Assets/UnityFileDebug/Lib/Logger/Scripts/DebugWrapper.cs Line: 56)

Invoked RoslynAnalysisRunner static constructor.
RoslynAnalysisRunner will not be running.
RoslynAnalysisRunner has terminated.
Mono: successfully reloaded assembly
- Completed reload, in  0.677 seconds
Platform modules already initialized, skipping
Refreshing native plugins compatible for Editor in 0.39 ms, found 10 plugins.
Preloading 0 native plugins for Editor in 0.00 ms.
Unloading 1278 Unused Serialized files (Serialized files now loaded: 0)
System memory in use before: 64.0 MB.
System memory in use after: 64.1 MB.

Unloading 27 unused Assets to reduce memory usage. Loaded Objects now: 1731.
Total: 1.453600 ms (FindLiveObjects: 0.134500 ms CreateObjectMapping: 0.033600 ms MarkObjects: 1.240200 ms  DeleteObjects: 0.044700 ms)

========================================================================
Received Import Request.
  Time since last request: 204.456682 seconds.
  path: Assets/Scripts/ScaleSize.cs
  artifactKey: Guid(e841e46f172d30244a2ffa783ed7f4ca) Importer(815301076,1909f56bfc062723c751e8b465ee728b)
Start importing Assets/Scripts/ScaleSize.cs using Guid(e841e46f172d30244a2ffa783ed7f4ca) Importer(815301076,1909f56bfc062723c751e8b465ee728b)  -> (artifact id: 'd7b38156068e07c97b687b97fe261cd4') in 0.007083 seconds
  Import took 0.009038 seconds .

========================================================================
Received Prepare
Registering precompiled user dll's ...
Registered in 0.006362 seconds.
Begin MonoManager ReloadAssembly
Native extension for WindowsStandalone target not found
Refreshing native plugins compatible for Editor in 0.38 ms, found 10 plugins.
Preloading 0 native plugins for Editor in 0.00 ms.
[Log] Successfully initialized Unity environment for Kinect!
UnityEngine.StackTraceUtility:ExtractStackTrace ()
UnityEngine.DebugLogHandler:LogFormat (UnityEngine.LogType,UnityEngine.Object,string,object[])
UnityEngine.Logger:Log (UnityEngine.LogType,object)
UnityEngine.Debug:Log (object)
Debug:Log (object,DLogType) (at Assets/UnityFileDebug/Lib/Logger/Scripts/DebugWrapper.cs:56)
LightBuzz.Kinect4Azure.UnityEnvironment:.cctor () (at Assets/LightBuzz_Azure_Kinect/Scripts/Editor/UnityEnvironment.cs:104)
System.Runtime.CompilerServices.RuntimeHelpers:RunClassConstructor (System.RuntimeTypeHandle)
UnityEditor.EditorAssemblies:ProcessInitializeOnLoadAttributes (System.Type[])

(Filename: Assets/UnityFileDebug/Lib/Logger/Scripts/DebugWrapper.cs Line: 56)

Invoked RoslynAnalysisRunner static constructor.
RoslynAnalysisRunner will not be running.
RoslynAnalysisRunner has terminated.
Mono: successfully reloaded assembly
- Completed reload, in  0.637 seconds
Platform modules already initialized, skipping
Refreshing native plugins compatible for Editor in 0.38 ms, found 10 plugins.
Preloading 0 native plugins for Editor in 0.00 ms.
Unloading 1278 Unused Serialized files (Serialized files now loaded: 0)
System memory in use before: 64.1 MB.
System memory in use after: 64.1 MB.

Unloading 27 unused Assets to reduce memory usage. Loaded Objects now: 1734.
Total: 1.396000 ms (FindLiveObjects: 0.137700 ms CreateObjectMapping: 0.034900 ms MarkObjects: 1.175300 ms  DeleteObjects: 0.047100 ms)

========================================================================
Received Prepare
Registering precompiled user dll's ...
Registered in 0.006985 seconds.
Begin MonoManager ReloadAssembly
Native extension for WindowsStandalone target not found
Refreshing native plugins compatible for Editor in 0.40 ms, found 10 plugins.
Preloading 0 native plugins for Editor in 0.00 ms.
[Log] Successfully initialized Unity environment for Kinect!
UnityEngine.StackTraceUtility:ExtractStackTrace ()
UnityEngine.DebugLogHandler:LogFormat (UnityEngine.LogType,UnityEngine.Object,string,object[])
UnityEngine.Logger:Log (UnityEngine.LogType,object)
UnityEngine.Debug:Log (object)
Debug:Log (object,DLogType) (at Assets/UnityFileDebug/Lib/Logger/Scripts/DebugWrapper.cs:56)
LightBuzz.Kinect4Azure.UnityEnvironment:.cctor () (at Assets/LightBuzz_Azure_Kinect/Scripts/Editor/UnityEnvironment.cs:104)
System.Runtime.CompilerServices.RuntimeHelpers:RunClassConstructor (System.RuntimeTypeHandle)
UnityEditor.EditorAssemblies:ProcessInitializeOnLoadAttributes (System.Type[])

(Filename: Assets/UnityFileDebug/Lib/Logger/Scripts/DebugWrapper.cs Line: 56)

Invoked RoslynAnalysisRunner static constructor.
RoslynAnalysisRunner will not be running.
RoslynAnalysisRunner has terminated.
Mono: successfully reloaded assembly
- Completed reload, in  0.723 seconds
Platform modules already initialized, skipping
Refreshing native plugins compatible for Editor in 0.39 ms, found 10 plugins.
Preloading 0 native plugins for Editor in 0.00 ms.
Unloading 1278 Unused Serialized files (Serialized files now loaded: 0)
System memory in use before: 64.1 MB.
System memory in use after: 64.2 MB.

Unloading 27 unused Assets to reduce memory usage. Loaded Objects now: 1737.
Total: 1.705500 ms (FindLiveObjects: 0.131700 ms CreateObjectMapping: 0.048200 ms MarkObjects: 1.469800 ms  DeleteObjects: 0.054500 ms)

========================================================================
Received Prepare
Registering precompiled user dll's ...
Registered in 0.006499 seconds.
Begin MonoManager ReloadAssembly
Native extension for WindowsStandalone target not found
Refreshing native plugins compatible for Editor in 0.37 ms, found 10 plugins.
Preloading 0 native plugins for Editor in 0.00 ms.
[Log] Successfully initialized Unity environment for Kinect!
UnityEngine.StackTraceUtility:ExtractStackTrace ()
UnityEngine.DebugLogHandler:LogFormat (UnityEngine.LogType,UnityEngine.Object,string,object[])
UnityEngine.Logger:Log (UnityEngine.LogType,object)
UnityEngine.Debug:Log (object)
Debug:Log (object,DLogType) (at Assets/UnityFileDebug/Lib/Logger/Scripts/DebugWrapper.cs:56)
LightBuzz.Kinect4Azure.UnityEnvironment:.cctor () (at Assets/LightBuzz_Azure_Kinect/Scripts/Editor/UnityEnvironment.cs:104)
System.Runtime.CompilerServices.RuntimeHelpers:RunClassConstructor (System.RuntimeTypeHandle)
UnityEditor.EditorAssemblies:ProcessInitializeOnLoadAttributes (System.Type[])

(Filename: Assets/UnityFileDebug/Lib/Logger/Scripts/DebugWrapper.cs Line: 56)

Invoked RoslynAnalysisRunner static constructor.
RoslynAnalysisRunner will not be running.
RoslynAnalysisRunner has terminated.
Mono: successfully reloaded assembly
- Completed reload, in  0.646 seconds
Platform modules already initialized, skipping
Refreshing native plugins compatible for Editor in 0.40 ms, found 10 plugins.
Preloading 0 native plugins for Editor in 0.00 ms.
Unloading 1278 Unused Serialized files (Serialized files now loaded: 0)
System memory in use before: 64.1 MB.
System memory in use after: 64.2 MB.

Unloading 27 unused Assets to reduce memory usage. Loaded Objects now: 1740.
Total: 1.598500 ms (FindLiveObjects: 0.195900 ms CreateObjectMapping: 0.046900 ms MarkObjects: 1.263400 ms  DeleteObjects: 0.090700 ms)

========================================================================
Received Prepare
Registering precompiled user dll's ...
Registered in 0.007070 seconds.
Begin MonoManager ReloadAssembly
Native extension for WindowsStandalone target not found
Refreshing native plugins compatible for Editor in 0.46 ms, found 10 plugins.
Preloading 0 native plugins for Editor in 0.00 ms.
[Log] Successfully initialized Unity environment for Kinect!
UnityEngine.StackTraceUtility:ExtractStackTrace ()
UnityEngine.DebugLogHandler:LogFormat (UnityEngine.LogType,UnityEngine.Object,string,object[])
UnityEngine.Logger:Log (UnityEngine.LogType,object)
UnityEngine.Debug:Log (object)
Debug:Log (object,DLogType) (at Assets/UnityFileDebug/Lib/Logger/Scripts/DebugWrapper.cs:56)
LightBuzz.Kinect4Azure.UnityEnvironment:.cctor () (at Assets/LightBuzz_Azure_Kinect/Scripts/Editor/UnityEnvironment.cs:104)
System.Runtime.CompilerServices.RuntimeHelpers:RunClassConstructor (System.RuntimeTypeHandle)
UnityEditor.EditorAssemblies:ProcessInitializeOnLoadAttributes (System.Type[])

(Filename: Assets/UnityFileDebug/Lib/Logger/Scripts/DebugWrapper.cs Line: 56)

Invoked RoslynAnalysisRunner static constructor.
RoslynAnalysisRunner will not be running.
RoslynAnalysisRunner has terminated.
Mono: successfully reloaded assembly
- Completed reload, in  0.661 seconds
Platform modules already initialized, skipping
Refreshing native plugins compatible for Editor in 0.44 ms, found 10 plugins.
Preloading 0 native plugins for Editor in 0.00 ms.
Unloading 1278 Unused Serialized files (Serialized files now loaded: 0)
System memory in use before: 64.1 MB.
System memory in use after: 64.2 MB.

Unloading 27 unused Assets to reduce memory usage. Loaded Objects now: 1743.
Total: 1.518600 ms (FindLiveObjects: 0.135000 ms CreateObjectMapping: 0.040200 ms MarkObjects: 1.287500 ms  DeleteObjects: 0.055000 ms)

========================================================================
Received Prepare
Refreshing native plugins compatible for Editor in 5.48 ms, found 10 plugins.
Preloading 0 native plugins for Editor in 0.00 ms.
Unloading 25 Unused Serialized files (Serialized files now loaded: 0)
System memory in use before: 39.3 MB.
System memory in use after: 39.4 MB.

Unloading 25 unused Assets to reduce memory usage. Loaded Objects now: 1743.
Total: 1.597900 ms (FindLiveObjects: 0.150800 ms CreateObjectMapping: 0.041500 ms MarkObjects: 1.352900 ms  DeleteObjects: 0.051600 ms)

========================================================================
Received Prepare
Registering precompiled user dll's ...
Registered in 0.006536 seconds.
Begin MonoManager ReloadAssembly
Native extension for WindowsStandalone target not found
Refreshing native plugins compatible for Editor in 0.47 ms, found 10 plugins.
Preloading 0 native plugins for Editor in 0.00 ms.
[Log] Successfully initialized Unity environment for Kinect!
UnityEngine.StackTraceUtility:ExtractStackTrace ()
UnityEngine.DebugLogHandler:LogFormat (UnityEngine.LogType,UnityEngine.Object,string,object[])
UnityEngine.Logger:Log (UnityEngine.LogType,object)
UnityEngine.Debug:Log (object)
Debug:Log (object,DLogType) (at Assets/UnityFileDebug/Lib/Logger/Scripts/DebugWrapper.cs:56)
LightBuzz.Kinect4Azure.UnityEnvironment:.cctor () (at Assets/LightBuzz_Azure_Kinect/Scripts/Editor/UnityEnvironment.cs:104)
System.Runtime.CompilerServices.RuntimeHelpers:RunClassConstructor (System.RuntimeTypeHandle)
UnityEditor.EditorAssemblies:ProcessInitializeOnLoadAttributes (System.Type[])

(Filename: Assets/UnityFileDebug/Lib/Logger/Scripts/DebugWrapper.cs Line: 56)

Invoked RoslynAnalysisRunner static constructor.
RoslynAnalysisRunner will not be running.
RoslynAnalysisRunner has terminated.
Mono: successfully reloaded assembly
- Completed reload, in  0.656 seconds
Platform modules already initialized, skipping
Refreshing native plugins compatible for Editor in 0.38 ms, found 10 plugins.
Preloading 0 native plugins for Editor in 0.00 ms.
Unloading 1278 Unused Serialized files (Serialized files now loaded: 0)
System memory in use before: 64.1 MB.
System memory in use after: 64.2 MB.

Unloading 27 unused Assets to reduce memory usage. Loaded Objects now: 1746.
Total: 1.536400 ms (FindLiveObjects: 0.126000 ms CreateObjectMapping: 0.039200 ms MarkObjects: 1.319700 ms  DeleteObjects: 0.050900 ms)

========================================================================
Received Prepare
Refreshing native plugins compatible for Editor in 6.30 ms, found 10 plugins.
Preloading 0 native plugins for Editor in 0.00 ms.
Unloading 25 Unused Serialized files (Serialized files now loaded: 0)
System memory in use before: 39.3 MB.
System memory in use after: 39.4 MB.

Unloading 25 unused Assets to reduce memory usage. Loaded Objects now: 1746.
Total: 1.786700 ms (FindLiveObjects: 0.208600 ms CreateObjectMapping: 0.056200 ms MarkObjects: 1.469800 ms  DeleteObjects: 0.050500 ms)

========================================================================
Received Prepare
Refreshing native plugins compatible for Editor in 5.48 ms, found 10 plugins.
Preloading 0 native plugins for Editor in 0.00 ms.
Unloading 25 Unused Serialized files (Serialized files now loaded: 0)
System memory in use before: 39.3 MB.
System memory in use after: 39.4 MB.

Unloading 25 unused Assets to reduce memory usage. Loaded Objects now: 1746.
Total: 1.620900 ms (FindLiveObjects: 0.152600 ms CreateObjectMapping: 0.039200 ms MarkObjects: 1.376900 ms  DeleteObjects: 0.051400 ms)

========================================================================
Received Prepare
Registering precompiled user dll's ...
Registered in 0.006516 seconds.
Begin MonoManager ReloadAssembly
Native extension for WindowsStandalone target not found
Refreshing native plugins compatible for Editor in 0.69 ms, found 10 plugins.
Preloading 0 native plugins for Editor in 0.00 ms.
[Log] Successfully initialized Unity environment for Kinect!
UnityEngine.StackTraceUtility:ExtractStackTrace ()
UnityEngine.DebugLogHandler:LogFormat (UnityEngine.LogType,UnityEngine.Object,string,object[])
UnityEngine.Logger:Log (UnityEngine.LogType,object)
UnityEngine.Debug:Log (object)
Debug:Log (object,DLogType) (at Assets/UnityFileDebug/Lib/Logger/Scripts/DebugWrapper.cs:56)
LightBuzz.Kinect4Azure.UnityEnvironment:.cctor () (at Assets/LightBuzz_Azure_Kinect/Scripts/Editor/UnityEnvironment.cs:104)
System.Runtime.CompilerServices.RuntimeHelpers:RunClassConstructor (System.RuntimeTypeHandle)
UnityEditor.EditorAssemblies:ProcessInitializeOnLoadAttributes (System.Type[])

(Filename: Assets/UnityFileDebug/Lib/Logger/Scripts/DebugWrapper.cs Line: 56)

Invoked RoslynAnalysisRunner static constructor.
RoslynAnalysisRunner will not be running.
RoslynAnalysisRunner has terminated.
Mono: successfully reloaded assembly
- Completed reload, in  0.692 seconds
Platform modules already initialized, skipping
Refreshing native plugins compatible for Editor in 0.38 ms, found 10 plugins.
Preloading 0 native plugins for Editor in 0.00 ms.
Unloading 1278 Unused Serialized files (Serialized files now loaded: 0)
System memory in use before: 64.1 MB.
System memory in use after: 64.2 MB.

Unloading 27 unused Assets to reduce memory usage. Loaded Objects now: 1749.
Total: 1.310500 ms (FindLiveObjects: 0.128500 ms CreateObjectMapping: 0.036800 ms MarkObjects: 1.094400 ms  DeleteObjects: 0.050200 ms)

========================================================================
Received Prepare
Refreshing native plugins compatible for Editor in 5.65 ms, found 10 plugins.
Preloading 0 native plugins for Editor in 0.00 ms.
Unloading 25 Unused Serialized files (Serialized files now loaded: 0)
System memory in use before: 39.3 MB.
System memory in use after: 39.4 MB.

Unloading 25 unused Assets to reduce memory usage. Loaded Objects now: 1749.
Total: 1.607500 ms (FindLiveObjects: 0.136800 ms CreateObjectMapping: 0.040200 ms MarkObjects: 1.375500 ms  DeleteObjects: 0.054100 ms)

========================================================================
Received Prepare
Registering precompiled user dll's ...
Registered in 0.006569 seconds.
Begin MonoManager ReloadAssembly
Native extension for WindowsStandalone target not found
Refreshing native plugins compatible for Editor in 0.40 ms, found 10 plugins.
Preloading 0 native plugins for Editor in 0.00 ms.
[Log] Successfully initialized Unity environment for Kinect!
UnityEngine.StackTraceUtility:ExtractStackTrace ()
UnityEngine.DebugLogHandler:LogFormat (UnityEngine.LogType,UnityEngine.Object,string,object[])
UnityEngine.Logger:Log (UnityEngine.LogType,object)
UnityEngine.Debug:Log (object)
Debug:Log (object,DLogType) (at Assets/UnityFileDebug/Lib/Logger/Scripts/DebugWrapper.cs:56)
LightBuzz.Kinect4Azure.UnityEnvironment:.cctor () (at Assets/LightBuzz_Azure_Kinect/Scripts/Editor/UnityEnvironment.cs:104)
System.Runtime.CompilerServices.RuntimeHelpers:RunClassConstructor (System.RuntimeTypeHandle)
UnityEditor.EditorAssemblies:ProcessInitializeOnLoadAttributes (System.Type[])

(Filename: Assets/UnityFileDebug/Lib/Logger/Scripts/DebugWrapper.cs Line: 56)

Invoked RoslynAnalysisRunner static constructor.
RoslynAnalysisRunner will not be running.
RoslynAnalysisRunner has terminated.
Mono: successfully reloaded assembly
- Completed reload, in  0.664 seconds
Platform modules already initialized, skipping
Refreshing native plugins compatible for Editor in 0.40 ms, found 10 plugins.
Preloading 0 native plugins for Editor in 0.00 ms.
Unloading 1278 Unused Serialized files (Serialized files now loaded: 0)
System memory in use before: 64.1 MB.
System memory in use after: 64.2 MB.

Unloading 27 unused Assets to reduce memory usage. Loaded Objects now: 1752.
Total: 1.408000 ms (FindLiveObjects: 0.141200 ms CreateObjectMapping: 0.040700 ms MarkObjects: 1.173100 ms  DeleteObjects: 0.052300 ms)

AssetImportWorkerClient::OnTransportError - code=2 error=End of file
